<?xml version="1.0" encoding="UTF-8"?>
<!-- Generated by org.testng.reporters.JUnitReportReporter -->
<testsuite skipped="0" hostname="DESKTOP-27HB9NG" name="tests.Checkout_Procedure_Test" tests="1" failures="0" timestamp="30 Jul 2020 02:40:18 GMT" time="6.791" errors="0">
  <testcase name="select_product" time="6.791" classname="tests.Checkout_Procedure_Test"/>
</testsuite> <!-- tests.Checkout_Procedure_Test -->
