<?xml version="1.0" encoding="UTF-8"?>
<!-- Generated by org.testng.reporters.JUnitReportReporter -->
<testsuite skipped="0" hostname="DESKTOP-27HB9NG" name="tests.LoginTest" tests="1" failures="0" timestamp="30 Jul 2020 02:40:18 GMT" time="4.881" errors="0">
  <testcase name="Verify_User_Can_Login_Sucssfully" time="4.881" classname="tests.LoginTest"/>
</testsuite> <!-- tests.LoginTest -->
