<?xml version="1.0" encoding="UTF-8"?>
<!-- Generated by org.testng.reporters.JUnitReportReporter -->
<testsuite skipped="0" hostname="DESKTOP-27HB9NG" name="tests.Create_new_account_user" tests="1" failures="0" timestamp="27 Jul 2020 15:08:15 GMT" time="2.256" errors="0">
  <testcase name="lOgin_To_Dashbord_Page" time="2.256" classname="tests.Create_new_account_user"/>
</testsuite> <!-- tests.Create_new_account_user -->
