<?xml version="1.0" encoding="UTF-8"?>
<!-- Generated by org.testng.reporters.JUnitReportReporter -->
<testsuite skipped="8" hostname="DESKTOP-27HB9NG" name="tests.Add_To_Cart_Test" tests="9" failures="0" timestamp="08 Aug 2020 07:28:56 GMT" time="17.234" errors="1">
  <testcase name="select_product" time="0.000" classname="tests.Add_To_Cart_Test">
    <skipped/>
  </testcase> <!-- select_product -->
  <testcase name="Verify_User_Can_Login_Sucssfullx" time="17.234" classname="tests.Add_To_Cart_Test">
    <error type="java.lang.IllegalArgumentException" message="Keys to send should be a not null CharSequence">
      <![CDATA[java.lang.IllegalArgumentException: Keys to send should be a not null CharSequence
at org.openqa.selenium.remote.RemoteWebElement.sendKeys(RemoteWebElement.java:97)
at sun.reflect.NativeMethodAccessorImpl.invoke0(Native Method)
at sun.reflect.NativeMethodAccessorImpl.invoke(Unknown Source)
at sun.reflect.DelegatingMethodAccessorImpl.invoke(Unknown Source)
at java.lang.reflect.Method.invoke(Unknown Source)
at org.openqa.selenium.support.pagefactory.internal.LocatingElementHandler.invoke(LocatingElementHandler.java:51)
at com.sun.proxy.$Proxy12.sendKeys(Unknown Source)
at pages.PagesBase.setTextElementText(PagesBase.java:49)
at pages.LoginPage.enter_email(LoginPage.java:28)
at tests.LoginTest.Verify_User_Can_Login_Sucssfully(LoginTest.java:23)
at tests.Add_To_Cart_Test.Verify_User_Can_Login_Sucssfullx(Add_To_Cart_Test.java:36)
at sun.reflect.NativeMethodAccessorImpl.invoke0(Native Method)
at sun.reflect.NativeMethodAccessorImpl.invoke(Unknown Source)
at sun.reflect.DelegatingMethodAccessorImpl.invoke(Unknown Source)
at java.lang.reflect.Method.invoke(Unknown Source)
at org.testng.internal.MethodInvocationHelper.invokeMethod(MethodInvocationHelper.java:124)
at org.testng.internal.MethodInvocationHelper.invokeMethodConsideringTimeout(MethodInvocationHelper.java:59)
at org.testng.internal.Invoker.invokeConfigurationMethod(Invoker.java:458)
at org.testng.internal.Invoker.invokeConfigurations(Invoker.java:222)
at org.testng.internal.Invoker.invokeConfigurations(Invoker.java:142)
at org.testng.internal.TestMethodWorker.invokeBeforeClassMethods(TestMethodWorker.java:168)
at org.testng.internal.TestMethodWorker.run(TestMethodWorker.java:105)
at org.testng.TestRunner.privateRun(TestRunner.java:648)
at org.testng.TestRunner.run(TestRunner.java:505)
at org.testng.SuiteRunner.runTest(SuiteRunner.java:455)
at org.testng.SuiteRunner.runSequentially(SuiteRunner.java:450)
at org.testng.SuiteRunner.privateRun(SuiteRunner.java:415)
at org.testng.SuiteRunner.run(SuiteRunner.java:364)
at org.testng.SuiteRunnerWorker.runSuite(SuiteRunnerWorker.java:52)
at org.testng.SuiteRunnerWorker.run(SuiteRunnerWorker.java:84)
at org.testng.TestNG.runSuitesSequentially(TestNG.java:1208)
at org.testng.TestNG.runSuitesLocally(TestNG.java:1137)
at org.testng.TestNG.runSuites(TestNG.java:1049)
at org.testng.TestNG.run(TestNG.java:1017)
at org.testng.remote.AbstractRemoteTestNG.run(AbstractRemoteTestNG.java:115)
at org.testng.remote.RemoteTestNG.initAndRun(RemoteTestNG.java:251)
at org.testng.remote.RemoteTestNG.main(RemoteTestNG.java:77)
]]>
    </error>
  </testcase> <!-- Verify_User_Can_Login_Sucssfullx -->
  <testcase name="Verify_Add_product_To_Cart_and_Contine_shopping" time="0.000" classname="tests.Add_To_Cart_Test">
    <skipped/>
  </testcase> <!-- Verify_Add_product_To_Cart_and_Contine_shopping -->
  <testcase name="Verify_Order_Summary_details" time="0.000" classname="tests.Add_To_Cart_Test">
    <skipped/>
  </testcase> <!-- Verify_Order_Summary_details -->
  <testcase name="Verify_billingAndDeliveryAddress" time="0.000" classname="tests.Add_To_Cart_Test">
    <skipped/>
  </testcase> <!-- Verify_billingAndDeliveryAddress -->
  <testcase name="Verify_Order_shipping" time="0.000" classname="tests.Add_To_Cart_Test">
    <skipped/>
  </testcase> <!-- Verify_Order_shipping -->
  <testcase name="Verify_Order_payment_method" time="0.000" classname="tests.Add_To_Cart_Test">
    <skipped/>
  </testcase> <!-- Verify_Order_payment_method -->
  <testcase name="Verify_Order_Confirmation" time="0.000" classname="tests.Add_To_Cart_Test">
    <skipped/>
  </testcase> <!-- Verify_Order_Confirmation -->
  <testcase name="Verify_Order_history" time="0.000" classname="tests.Add_To_Cart_Test">
    <skipped/>
  </testcase> <!-- Verify_Order_history -->
</testsuite> <!-- tests.Add_To_Cart_Test -->
